
          ERROR REPORT    PAGE  1

Record          Raw Data
Number      and Error Messages
------      ------------------

   6    S0002000CA01XA-600005
        - INVOICE NUMBER XX NOT 'A','B','C','D', OR 'E'
        - SKU CODE CANNOT BE EMPTY

   7    S0014999CR01AA-700006247R20EHF02EF8E
        - INVOICE NUMBER XX CAN'T HAVE THE SAME LETTERS

   9    S0001000CA01EB-900008SDFSKJ84MS09123
        - INVOICE NUMBER 000000 MUST BE BETWEEN 100000 AND 900000 INCLUSIVE

  14    S0000999CR01EB-1500A3WI8HRW8H43FJSHF
        - INVOICE FORMAT MUST BE XX-000000

  23    S0001000CA01AA-240108SDFSKJ84MS09123
        - INVOICE NUMBER XX CAN'T HAVE THE SAME LETTERS
          ERROR REPORT    PAGE  2

Record          Raw Data
Number      and Error Messages
------      ------------------

  24    S0012999DB01DZ-250109247R20EHF02EF8E
        - INVOICE NUMBER XX NOT 'A','B','C','D', OR 'E'

  30    R0002499CR02EB-310212
        - SKU CODE CANNOT BE EMPTY

  31    R0002000CA02BB-320015SDFSKJ84MS09123
        - INVOICE NUMBER XX CAN'T HAVE THE SAME LETTERS

  34    S000100XCW02BA-350001AADFSKJ84MS0913
        - TRANSACTION AMOUNT NOT NUMERIC
        - PAYMENT TYPE NOT CA, CR, OR DB

  44    S0008999CR02BC-0S0030WI8HRW8H43FJSHF
        - INVOICE FORMAT MUST BE XX-000000
        - INVOICE NUMBER 000000 MUST BE BETWEEN 100000 AND 900000 INCLUSIVE
          ERROR REPORT    PAGE  3

Record          Raw Data
Number      and Error Messages
------      ------------------

  45    S0001000CA02BB-460031SDFSKJ84MS09123
        - INVOICE NUMBER XX CAN'T HAVE THE SAME LETTERS

  47    X000099XCR02CA-480033WI8HRW8H43FJSHF
        - TRANSACTION CODE NOT 'S', 'R', OR 'L'
        - TRANSACTION AMOUNT NOT NUMERIC

  49    R0012499CR02CD-500122
        - SKU CODE CANNOT BE EMPTY

  51    X0014999CR02DA-520036247R20EHF02EF8E
        - TRANSACTION CODE NOT 'S', 'R', OR 'L'

  52    S0002999DW02DB-530037WI8HRW8H43FJSH2
        - PAYMENT TYPE NOT CA, CR, OR DB
          ERROR REPORT    PAGE  4

Record          Raw Data
Number      and Error Messages
------      ------------------

  54    R0002499CR02DE-550212
        - SKU CODE CANNOT BE EMPTY

  57    S0002999DW02EC-580217WI8HRW8H43FJSHF
        - PAYMENT TYPE NOT CA, CR, OR DB

  59    X0012999DB02AB-600219247R20EHF02EF8E
        - TRANSACTION CODE NOT 'S', 'R', OR 'L'

  63    S0002000CA02ET-640225SDFSKJ84MS09123
        - INVOICE NUMBER XX NOT 'A','B','C','D', OR 'E'

  64    S0014999CR02EE-650226247R20EHF02EF8E
        - INVOICE NUMBER XX CAN'T HAVE THE SAME LETTERS
          ERROR REPORT    PAGE  5

Record          Raw Data
Number      and Error Messages
------      ------------------

  72    L0014999DB12CC-730234LFW8H88W84HFW4F
        - INVOICE NUMBER XX CAN'T HAVE THE SAME LETTERS

  74    R0002999CW02CE-750335SDFSKJ84MS09123
        - PAYMENT TYPE NOT CA, CR, OR DB

  75    C0014999CR02DA-760336247R20EHF02EF8E
        - TRANSACTION CODE NOT 'S', 'R', OR 'L'

  81    R0002499CR13EC-810402FLW8H4FW8H4FWF4
        - STORE NUMBER NOT ANY OF 01 THROUGH 05, OR 12

  85    S0001000CA13AD-850408SDFSKJ84MS09123
        - STORE NUMBER NOT ANY OF 01 THROUGH 05, OR 12
          ERROR REPORT    PAGE  6

Record          Raw Data
Number      and Error Messages
------      ------------------

  87    S0008999CR03AA-870410WI8HRW8H43FJSHF
        - INVOICE NUMBER XX CAN'T HAVE THE SAME LETTERS

  90    S0000999CR03EA-900413WI8HRW8H43FJSHF
        - INVOICE NUMBER 000000 MUST BE BETWEEN 100000 AND 900000 INCLUSIVE

  91    L0001000CA03GB-910401SDFSKJ84MS09123
        - INVOICE NUMBER XX NOT 'A','B','C','D', OR 'E'
        - INVOICE NUMBER 000000 MUST BE BETWEEN 100000 AND 900000 INCLUSIVE

  92    S0012999DB03CC-920402247R20EHF02EF8E
        - INVOICE NUMBER XX CAN'T HAVE THE SAME LETTERS
        - INVOICE NUMBER 000000 MUST BE BETWEEN 100000 AND 900000 INCLUSIVE

  93    S0008999CR03ED-930403WI8HRW8H43FJSHF
        - INVOICE NUMBER 000000 MUST BE BETWEEN 100000 AND 900000 INCLUSIVE
          ERROR REPORT    PAGE  7

Record          Raw Data
Number      and Error Messages
------      ------------------

  94    L0004999DB03AB-940404LFW8H88W84HFW4F
        - INVOICE NUMBER 000000 MUST BE BETWEEN 100000 AND 900000 INCLUSIVE

  95    R0002499CR03AC-950402FLW8H4FW8H4FWF4
        - INVOICE NUMBER 000000 MUST BE BETWEEN 100000 AND 900000 INCLUSIVE

  96    S0002000CA04AD-960405SDFSKJ84MS09123
        - INVOICE NUMBER 000000 MUST BE BETWEEN 100000 AND 900000 INCLUSIVE

  97    S001X999CR17AE-970406247R20EHF02EF8E
        - TRANSACTION AMOUNT NOT NUMERIC
        - STORE NUMBER NOT ANY OF 01 THROUGH 05, OR 12
        - INVOICE NUMBER 000000 MUST BE BETWEEN 100000 AND 900000 INCLUSIVE

  98    R0002999DB04BA-98S407WI8HRW8H43FJSHF
        - INVOICE FORMAT MUST BE XX-000000
        - INVOICE NUMBER 000000 MUST BE BETWEEN 100000 AND 900000 INCLUSIVE
          ERROR REPORT    PAGE  8

Record          Raw Data
Number      and Error Messages
------      ------------------

  99    S0001000CA04CC-99S508SDFSKJ84MS09123
        - INVOICE FORMAT MUST BE XX-000000
        - INVOICE NUMBER XX CAN'T HAVE THE SAME LETTERS
        - INVOICE NUMBER 000000 MUST BE BETWEEN 100000 AND 900000 INCLUSIVE

 106    R0002499CR04DB-106512
        - SKU CODE CANNOT BE EMPTY

 110    S007100XCW05EC-110501AADFSKJ84MS0913
        - TRANSACTION AMOUNT NOT NUMERIC
        - PAYMENT TYPE NOT CA, CR, OR DB

 113    L0004999DB05DD-113524LFW8H88W84HFW4F
        - INVOICE NUMBER XX CAN'T HAVE THE SAME LETTERS

 123    S000099XCR12DC-123633WI8HRW8H43FJSHF
        - TRANSACTION AMOUNT NOT NUMERIC
          ERROR REPORT    PAGE  9

Record          Raw Data
Number      and Error Messages
------      ------------------

 125    R0012499CX14EE-125722
        - PAYMENT TYPE NOT CA, CR, OR DB
        - STORE NUMBER NOT ANY OF 01 THROUGH 05, OR 12
        - INVOICE NUMBER XX CAN'T HAVE THE SAME LETTERS
        - SKU CODE CANNOT BE EMPTY

 127    X0014999CR12EB-127636247R20EHF02EF8E
        - TRANSACTION CODE NOT 'S', 'R', OR 'L'

 128    S0002999DW12EA-128637WI8HRW8H43FJSH2
        - PAYMENT TYPE NOT CA, CR, OR DB

 131    R0002400CA12AD-131S15SDFSKJ84MS09123
        - INVOICE FORMAT MUST BE XX-000000

 133    S0002999DW01BA-133617WI8HRW8H43FJSHF
        - PAYMENT TYPE NOT CA, CR, OR DB
          ERROR REPORT    PAGE 10

Record          Raw Data
Number      and Error Messages
------      ------------------

 135    W0012999DB03BD-135619247R20EHF02EF8E
        - TRANSACTION CODE NOT 'S', 'R', OR 'L'

 136    S0008999CR04BB-136623WI8HRW8H43FJSHF
        - INVOICE NUMBER XX CAN'T HAVE THE SAME LETTERS

 143    S0012999DB05DD-143629247R20EHF02EF8E
        - INVOICE NUMBER XX CAN'T HAVE THE SAME LETTERS

 149    R0000499CR05AC-1496N2F4WO8JFO8W4JFW8
        - INVOICE FORMAT MUST BE XX-000000

 150    R0002999CW12AD-150635SDFSKJ84MS09123
        - PAYMENT TYPE NOT CA, CR, OR DB
          ERROR REPORT    PAGE 11

Record          Raw Data
Number      and Error Messages
------      ------------------

 151    X0014999CR71AE-151636247R20EHF02EF8E
        - TRANSACTION CODE NOT 'S', 'R', OR 'L'
        - STORE NUMBER NOT ANY OF 01 THROUGH 05, OR 12

 152    S0002999DB08AB-152637WI8HRW8H43FJSH2
        - STORE NUMBER NOT ANY OF 01 THROUGH 05, OR 12

Number of Records         = 152
Number of Valid Records   = 100
Number of Invalid Records =  52